This is pdfTeX, Version 3.14159265-2.6-1.40.17 (TeX Live 2016) (preloaded format=pdflatex 2017.3.14)  21 MAR 2017 18:35
entering extended mode
 restricted \write18 enabled.
 file:line:error style messages enabled.
 %&-line parsing enabled.
**master.latexcfg
(./master.latexcfg
LaTeX2e <2016/03/31>
Babel <3.9r> and hyphenation patterns for 83 language(s) loaded.

./master.latexcfg:1: LaTeX Error: Missing \begin{document}.

See the LaTeX manual or LaTeX Companion for explanation.
Type  H <return>  for immediate help.
 ...                                              
                                                  
l.1 { "
       root" : "\Users\sunshine\Documents\B_Th\github\Wright-Fisher\tex\late...

You're in trouble here.  Try typing  <return>  to proceed.
If that doesn't work, type  X <return>  to quit.

Missing character: There is no " in font nullfont!
Missing character: There is no r in font nullfont!
Missing character: There is no o in font nullfont!
Missing character: There is no o in font nullfont!
Missing character: There is no t in font nullfont!
Missing character: There is no " in font nullfont!
Missing character: There is no : in font nullfont!
Missing character: There is no " in font nullfont!
./master.latexcfg:1: Undefined control sequence.
l.1 { "root" : "\Users
                      \sunshine\Documents\B_Th\github\Wright-Fisher\tex\late...
The control sequence at the end of the top line
of your error message was never \def'ed. If you have
misspelled it (e.g., `\hobx'), type `I' and the correct
spelling (e.g., `I\hbox'). Otherwise just continue,
and I'll forget about whatever was undefined.

./master.latexcfg:1: Undefined control sequence.
l.1 { "root" : "\Users\sunshine
                               \Documents\B_Th\github\Wright-Fisher\tex\late...
The control sequence at the end of the top line
of your error message was never \def'ed. If you have
misspelled it (e.g., `\hobx'), type `I' and the correct
spelling (e.g., `I\hbox'). Otherwise just continue,
and I'll forget about whatever was undefined.

./master.latexcfg:1: Undefined control sequence.
l.1 { "root" : "\Users\sunshine\Documents
                                         \B_Th\github\Wright-Fisher\tex\late...
The control sequence at the end of the top line
of your error message was never \def'ed. If you have
misspelled it (e.g., `\hobx'), type `I' and the correct
spelling (e.g., `I\hbox'). Otherwise just continue,
and I'll forget about whatever was undefined.

./master.latexcfg:1: Undefined control sequence.
l.1 { "root" : "\Users\sunshine\Documents\B
                                           _Th\github\Wright-Fisher\tex\late...
The control sequence at the end of the top line
of your error message was never \def'ed. If you have
misspelled it (e.g., `\hobx'), type `I' and the correct
spelling (e.g., `I\hbox'). Otherwise just continue,
and I'll forget about whatever was undefined.

./master.latexcfg:1: Missing $ inserted.
<inserted text> 
                $
l.1 { "root" : "\Users\sunshine\Documents\B_
                                            Th\github\Wright-Fisher\tex\late...
I've inserted a begin-math/end-math symbol since I think
you left one out. Proceed, with fingers crossed.

LaTeX Font Info:    External font `cmex10' loaded for size
(Font)              <7> on input line 1.
LaTeX Font Info:    External font `cmex10' loaded for size
(Font)              <5> on input line 1.
./master.latexcfg:1: Undefined control sequence.
l.1 ...t" : "\Users\sunshine\Documents\B_Th\github
                                                  \Wright-Fisher\tex\latex\W...
The control sequence at the end of the top line
of your error message was never \def'ed. If you have
misspelled it (e.g., `\hobx'), type `I' and the correct
spelling (e.g., `I\hbox'). Otherwise just continue,
and I'll forget about whatever was undefined.

./master.latexcfg:1: Undefined control sequence.
l.1 ...Users\sunshine\Documents\B_Th\github\Wright
                                                  -Fisher\tex\latex\WrightFi...
The control sequence at the end of the top line
of your error message was never \def'ed. If you have
misspelled it (e.g., `\hobx'), type `I' and the correct
spelling (e.g., `I\hbox'). Otherwise just continue,
and I'll forget about whatever was undefined.

./master.latexcfg:1: Undefined control sequence.
l.1 ...ine\Documents\B_Th\github\Wright-Fisher\tex
                                                  \latex\WrightFisherTeX.tex" }
The control sequence at the end of the top line
of your error message was never \def'ed. If you have
misspelled it (e.g., `\hobx'), type `I' and the correct
spelling (e.g., `I\hbox'). Otherwise just continue,
and I'll forget about whatever was undefined.

./master.latexcfg:1: Undefined control sequence.
l.1 ...cuments\B_Th\github\Wright-Fisher\tex\latex
                                                  \WrightFisherTeX.tex" }
The control sequence at the end of the top line
of your error message was never \def'ed. If you have
misspelled it (e.g., `\hobx'), type `I' and the correct
spelling (e.g., `I\hbox'). Otherwise just continue,
and I'll forget about whatever was undefined.

./master.latexcfg:1: Undefined control sequence.
l.1 ...hub\Wright-Fisher\tex\latex\WrightFisherTeX
                                                  .tex" }
The control sequence at the end of the top line
of your error message was never \def'ed. If you have
misspelled it (e.g., `\hobx'), type `I' and the correct
spelling (e.g., `I\hbox'). Otherwise just continue,
and I'll forget about whatever was undefined.

./master.latexcfg:1: Extra }, or forgotten $.
l.1 ...ght-Fisher\tex\latex\WrightFisherTeX.tex" }
                                                  
I've deleted a group-closing symbol because it seems to be
spurious, as in `$x}$'. But perhaps the } is legitimate and
you forgot something else, as in `\hbox{$x}'. In such cases
the way to recover is to insert both the forgotten and the
deleted material, e.g., by typing `I$}'.

)
! Emergency stop.
<*> master.latexcfg
                   
*** (job aborted, no legal \end found)

 
Here is how much of TeX's memory you used:
 8 strings out of 493014
 170 string characters out of 6133351
 53601 words of memory out of 5000000
 3650 multiletter control sequences out of 15000+600000
 3640 words of font info for 14 fonts, out of 8000000 for 9000
 1141 hyphenation exceptions out of 8191
 18i,1n,12p,130b,58s stack positions out of 5000i,500n,10000p,200000b,80000s
!  ==> Fatal error occurred, no output PDF file produced!
